<?xml version="1.0" encoding="UTF-8"?>
<testsuite xmlns:xsi="http://www.w3.org/2001/XMLSchema-instance" xsi:noNamespaceSchemaLocation="https://maven.apache.org/surefire/maven-surefire-plugin/xsd/surefire-test-report-3.0.xsd" version="3.0" name="MainTest" time="0.922" tests="6" errors="0" skipped="0" failures="0">
  <properties>
[...]
</properties>
  <testcase name="compilerHandlesCloneFailure" classname="MainTest" time="0.03"/>
  <testcase name="pushParseInvalidPayload" classname="MainTest" time="0.099"/>
  <testcase name="ciServerHandlePushValidPayloadLocal" classname="MainTest" time="0.756">
    <system-out><![CDATA[
Received push on branch : main
After SHA               : e5f6g7h8
Repository URL          : https://github.com/user/repo.git
Pusher name             : name

Head commit message     : Update README

Starting compilation...
Cloning into '/var/folders/f6/4htj6g2d7yl7pb0n83mvsr9m0000gn/T/ci-build-6289116424206511519'...
fatal: could not read Username for 'https://github.com': Device not configured

Compilation FAILED
]]></system-out>
    <system-err><![CDATA[2026-02-10 23:23:24.924:INFO::main: Logging initialized @287ms to org.eclipse.jetty.util.log.StdErrLog
2026-02-10 23:23:24.945:INFO:oejs.Server:main: jetty-9.4.50.v20221201; built: 2022-12-01T22:07:03.915Z; git: da9a0b30691a45daf90a9f17b5defa2f1434f882; jvm 25.0.2
2026-02-10 23:23:24.965:INFO:oejs.AbstractConnector:main: Started ServerConnector@7d8704ef{HTTP/1.1, (http/1.1)}{0.0.0.0:52666}
2026-02-10 23:23:24.965:INFO:oejs.Server:main: Started @329ms
2026-02-10 23:23:25.667:INFO:oejs.AbstractConnector:main: Stopped ServerConnector@7d8704ef{HTTP/1.1, (http/1.1)}{0.0.0.0:0}
]]></system-err>
  </testcase>
  <testcase name="compilationResultStoresValues" classname="MainTest" time="0.0"/>
  <testcase name="pushParserValidPayload" classname="MainTest" time="0.001"/>
  <testcase name="ciServerHandlePushInvalidPayloadLocal" classname="MainTest" time="0.007">
    <system-err><![CDATA[2026-02-10 23:23:25.670:INFO:oejs.Server:main: jetty-9.4.50.v20221201; built: 2022-12-01T22:07:03.915Z; git: da9a0b30691a45daf90a9f17b5defa2f1434f882; jvm 25.0.2
2026-02-10 23:23:25.673:INFO:oejs.AbstractConnector:main: Started ServerConnector@69997e9d{HTTP/1.1, (http/1.1)}{0.0.0.0:52669}
2026-02-10 23:23:25.673:INFO:oejs.Server:main: Started @1037ms
2026-02-10 23:23:25.676:INFO:oejs.AbstractConnector:main: Stopped ServerConnector@69997e9d{HTTP/1.1, (http/1.1)}{0.0.0.0:0}
]]></system-err>
  </testcase>
</testsuite>